Failed: //a0.socialgirls.im/weibo_image/Gtqr0CK2S/1.jpg, TypeError: Invalid URL
Failed: //a0.socialgirls.im/weibo_image/Ge1O2qKlI/6.jpg, TypeError: Invalid URL
Failed: //a0.socialgirls.im/xhs_image/6426b90f000000001301016b/2.jpg, TypeError: Invalid URL
Failed: //a0.socialgirls.im/weibo_image/HEsY77Vxb/5.jpg, TypeError: Invalid URL
Failed: //a0.socialgirls.im/ins_image/CuBBxOSSrID/2.jpg, TypeError: Invalid URL
Failed: //a0.socialgirls.im/ins_image/CuBBxOSSrID/1.jpg, TypeError: Invalid URL
Failed: //a0.socialgirls.im/xhs_image/6464a2b3000000000703968a/6.jpg, TypeError: Invalid URL
Failed: //a0.socialgirls.im/ins_image/CuHCGWJvRKW/3.jpg, TypeError: Invalid URL
Failed: //a0.socialgirls.im/xhs_image/6426b90f000000001301016b/7.jpg, TypeError: Invalid URL
Failed: //p.rst.im/q/assets.pinterest.com/images/pidgets/pinit_fg_en_round_red_32.png, TypeError: Invalid URL
Failed: //p.rst.im/q/assets.pinterest.com/images/pidgets/pinit_fg_en_round_red_32.png, TypeError: Invalid URL
Failed: //a0.socialgirls.im/weibo_image/CBQyW2tHI/2.jpg, TypeError: Invalid URL
Failed: //a0.socialgirls.im/weibo_image/E2LNzykXz/1.jpg, TypeError: Invalid URL
Failed: //a0.socialgirls.im/weibo_image/GqbJXckm0/9.jpg, TypeError: Invalid URL
Failed: //a0.socialgirls.im/weibo_image/Ia8Lso5X1/2.jpg, TypeError: Invalid URL
Failed: //a0.socialgirls.im/weibo_image/KozqYqiaJ/3.jpg, TypeError: Invalid URL
Failed: //a0.socialgirls.im/weibo_image/LC7htoj4i/1.jpg, TypeError: Invalid URL
Failed: //p.rst.im/q/assets.pinterest.com/images/pidgets/pinit_fg_en_round_red_32.png, TypeError: Invalid URL
Failed: //p.rst.im/q/assets.pinterest.com/images/pidgets/pinit_fg_en_round_red_32.png, TypeError: Invalid URL
Failed: //a0.socialgirls.im/ins_image/CuJJVhYLzn1/2.jpg, TypeError: Invalid URL
Failed: //a0.socialgirls.im/ins_image/CuJUGvGS0PC/1.jpg, TypeError: Invalid URL
Failed: //a0.socialgirls.im/ins_image/CuJWiI6p_z9/1.jpg, TypeError: Invalid URL
Failed: //a0.socialgirls.im/ins_image/CuJWiI6p_z9/2.jpg, TypeError: Invalid URL
Failed: //a0.socialgirls.im/ins_image/CuK51R1S28X/1.jpg, TypeError: Invalid URL
Failed: //a0.socialgirls.im/ins_image/CuK51R1S28X/2.jpg, TypeError: Invalid URL
Failed: //p.rst.im/q/assets.pinterest.com/images/pidgets/pinit_fg_en_round_red_32.png, TypeError: Invalid URL
Failed: //p.rst.im/q/assets.pinterest.com/images/pidgets/pinit_fg_en_round_red_32.png, TypeError: Invalid URL
Failed: //p.rst.im/q/assets.pinterest.com/images/pidgets/pinit_fg_en_round_red_32.png, TypeError: Invalid URL
Failed: //p.rst.im/q/assets.pinterest.com/images/pidgets/pinit_fg_en_round_red_32.png, TypeError: Invalid URL
Failed: //p.rst.im/q/assets.pinterest.com/images/pidgets/pinit_fg_en_round_red_32.png, TypeError: Invalid URL
Failed: //p.rst.im/q/assets.pinterest.com/images/pidgets/pinit_fg_en_round_red_32.png, TypeError: Invalid URL
Failed: //p.rst.im/q/assets.pinterest.com/images/pidgets/pinit_fg_en_round_red_32.png, TypeError: Invalid URL
Failed: //p.rst.im/q/assets.pinterest.com/images/pidgets/pinit_fg_en_round_red_32.png, TypeError: Invalid URL
Failed: //p.rst.im/q/assets.pinterest.com/images/pidgets/pinit_fg_en_round_red_32.png, TypeError: Invalid URL
Failed: //p.rst.im/q/assets.pinterest.com/images/pidgets/pinit_fg_en_round_red_32.png, TypeError: Invalid URL
Failed: //p.rst.im/q/assets.pinterest.com/images/pidgets/pinit_fg_en_round_red_32.png, TypeError: Invalid URL
Failed: //p.rst.im/q/assets.pinterest.com/images/pidgets/pinit_fg_en_round_red_32.png, TypeError: Invalid URL
Failed: //p.rst.im/q/assets.pinterest.com/images/pidgets/pinit_fg_en_round_red_32.png, TypeError: Invalid URL
Failed: //p.rst.im/q/assets.pinterest.com/images/pidgets/pinit_fg_en_round_red_32.png, TypeError: Invalid URL
Failed: //a0.socialgirls.im/xhs_image/63399333000000001d00ecc5/1.jpg, TypeError: Invalid URL
Failed: //a0.socialgirls.im/weibo_image/M11kn7nLY/3.jpg, TypeError: Invalid URL
Failed: //a0.socialgirls.im/weibo_image/Kya2I2eBF/5.jpg, TypeError: Invalid URL
Failed: //a0.socialgirls.im/weibo_image/Lpvd57K5m/6.jpg, TypeError: Invalid URL
Failed: //a0.socialgirls.im/xhs_image/6488170b0000000027013423/2.jpg, TypeError: Invalid URL
Failed: //a0.socialgirls.im/xhs_image/6488170b0000000027013423/4.jpg, TypeError: Invalid URL
Failed: //p.rst.im/q/assets.pinterest.com/images/pidgets/pinit_fg_en_round_red_32.png, TypeError: Invalid URL
Failed: //p.rst.im/q/assets.pinterest.com/images/pidgets/pinit_fg_en_round_red_32.png, TypeError: Invalid URL
Failed: //a0.socialgirls.im/weibo_image/M0R7bvqyK/6.jpg, TypeError: Invalid URL
Failed: //a0.socialgirls.im/weibo_image/MA8dBBEdE/2.jpg, TypeError: Invalid URL
Failed: //a0.socialgirls.im/weibo_image/MiNak1itH/6.jpg, TypeError: Invalid URL
Failed: //a0.socialgirls.im/weibo_image/MotXy9xZy/4.jpg, TypeError: Invalid URL
Failed: //a0.socialgirls.im/weibo_image/N0JiqtZQW/6.jpg, TypeError: Invalid URL
Failed: //a0.socialgirls.im/weibo_image/N6twtt7Ix/2.jpg, TypeError: Invalid URL
Failed: //p.rst.im/q/assets.pinterest.com/images/pidgets/pinit_fg_en_round_red_32.png, TypeError: Invalid URL
Failed: //p.rst.im/q/assets.pinterest.com/images/pidgets/pinit_fg_en_round_red_32.png, TypeError: Invalid URL
Failed: //a0.socialgirls.im/ins_image/CuEZss3vU5n/5.jpg, TypeError: Invalid URL
Failed: //a0.socialgirls.im/ins_image/CuEZss3vU5n/6.jpg, TypeError: Invalid URL
Failed: //a0.socialgirls.im/ins_image/CuEZss3vU5n/7.jpg, TypeError: Invalid URL
Failed: //a0.socialgirls.im/ins_image/CuGBsImBHqY/1.jpg, TypeError: Invalid URL
Failed: //a0.socialgirls.im/ins_image/CuHthMFJVue/1.jpg, TypeError: Invalid URL
Failed: //a0.socialgirls.im/ins_image/CuKATaopQaJ/1.jpg, TypeError: Invalid URL
Failed: //p.rst.im/q/assets.pinterest.com/images/pidgets/pinit_fg_en_round_red_32.png, TypeError: Invalid URL
Failed: //p.rst.im/q/assets.pinterest.com/images/pidgets/pinit_fg_en_round_red_32.png, TypeError: Invalid URL
Failed: //p.rst.im/q/assets.pinterest.com/images/pidgets/pinit_fg_en_round_red_32.png, TypeError: Invalid URL
Failed: //p.rst.im/q/assets.pinterest.com/images/pidgets/pinit_fg_en_round_red_32.png, TypeError: Invalid URL
Failed: //p.rst.im/q/assets.pinterest.com/images/pidgets/pinit_fg_en_round_red_32.png, TypeError: Invalid URL
Failed: //p.rst.im/q/assets.pinterest.com/images/pidgets/pinit_fg_en_round_red_32.png, TypeError: Invalid URL
Failed: //p.rst.im/q/assets.pinterest.com/images/pidgets/pinit_fg_en_round_red_32.png, TypeError: Invalid URL
Failed: //p.rst.im/q/assets.pinterest.com/images/pidgets/pinit_fg_en_round_red_32.png, TypeError: Invalid URL
Failed: //p.rst.im/q/assets.pinterest.com/images/pidgets/pinit_fg_en_round_red_32.png, TypeError: Invalid URL
Failed: //p.rst.im/q/assets.pinterest.com/images/pidgets/pinit_fg_en_round_red_32.png, TypeError: Invalid URL
Failed: //p.rst.im/q/assets.pinterest.com/images/pidgets/pinit_fg_en_round_red_32.png, TypeError: Invalid URL
Failed: //p.rst.im/q/assets.pinterest.com/images/pidgets/pinit_fg_en_round_red_32.png, TypeError: Invalid URL
Failed: //p.rst.im/q/assets.pinterest.com/images/pidgets/pinit_fg_en_round_red_32.png, TypeError: Invalid URL
Failed: //p.rst.im/q/assets.pinterest.com/images/pidgets/pinit_fg_en_round_red_32.png, TypeError: Invalid URL
