Success: https://a0.socialgirls.im/weibo_image/Gtqr0CK2S/1.jpg?pending=0
Success: https://a0.socialgirls.im/weibo_image/Ge1O2qKlI/6.jpg?pending=0
Success: https://a0.socialgirls.im/xhs_image/6426b90f000000001301016b/2.jpg?pending=0
Success: https://a0.socialgirls.im/weibo_image/HEsY77Vxb/5.jpg?pending=0
Success: https://a0.socialgirls.im/ins_image/CuBBxOSSrID/2.jpg
Success: https://a0.socialgirls.im/ins_image/CuBBxOSSrID/1.jpg
Success: https://a0.socialgirls.im/xhs_image/6464a2b3000000000703968a/6.jpg?pending=0
Success: https://a0.socialgirls.im/ins_image/CuHCGWJvRKW/3.jpg
Success: https://a0.socialgirls.im/xhs_image/6426b90f000000001301016b/7.jpg?pending=0
Success: https://a0.socialgirls.im/weibo_image/CBQyW2tHI/2.jpg?pending=0
Success: https://a0.socialgirls.im/weibo_image/E2LNzykXz/1.jpg?pending=0
Success: https://a0.socialgirls.im/weibo_image/GqbJXckm0/9.jpg?pending=0
Success: https://a0.socialgirls.im/weibo_image/Ia8Lso5X1/2.jpg?pending=0
Success: https://a0.socialgirls.im/weibo_image/KozqYqiaJ/3.jpg?pending=0
Success: https://a0.socialgirls.im/weibo_image/LC7htoj4i/1.jpg?pending=0
Success: https://a0.socialgirls.im/ins_image/CuJJVhYLzn1/2.jpg
Success: https://a0.socialgirls.im/ins_image/CuJUGvGS0PC/1.jpg
Success: https://a0.socialgirls.im/ins_image/CuJWiI6p_z9/1.jpg
Success: https://a0.socialgirls.im/ins_image/CuJWiI6p_z9/2.jpg
Success: https://a0.socialgirls.im/ins_image/CuK51R1S28X/1.jpg
Success: https://a0.socialgirls.im/ins_image/CuK51R1S28X/2.jpg
Success: https://a0.socialgirls.im/ins_image/CuHEcqLvhym/2.jpg
Success: https://a0.socialgirls.im/ins_image/Cqhr1M8rQo2/3.jpg
Success: https://a0.socialgirls.im/ins_image/Crspob6viBa/6.jpg
Success: https://a0.socialgirls.im/ins_image/CuFahY9PW9_/2.jpg
Success: https://a0.socialgirls.im/ins_image/CuKVswwSBGm/3.jpg
Success: https://a0.socialgirls.im/ins_image/CtrbUQyyu6Q/1.jpg
Success: https://a0.socialgirls.im/ins_image/CuMj04QSyfj/3.jpg
Success: https://a0.socialgirls.im/ins_image/CuOUAbKrsuN/2.jpg
Success: https://a0.socialgirls.im/ins_image/CuUYyFYLfZD/1.jpg
Success: https://a0.socialgirls.im/weibo_image/zwnHGDIBb/1.jpg?pending=0
Success: https://a0.socialgirls.im/weibo_image/FgKP9eMr0/4.jpg?pending=0
Success: https://a0.socialgirls.im/weibo_image/FxNUocpVC/4.jpg?pending=0
Success: https://a0.socialgirls.im/weibo_image/FiUex9Okg/8.jpg?pending=0
Success: https://a0.socialgirls.im/ins_image/BbS2A7FF_eL/1.jpg?pending=0
Success: https://a0.socialgirls.im/ins_image/BxpXnfeHWRW/2.jpg?pending=0
Success: https://a0.socialgirls.im/ins_image/B0tCfN6AGrA/2.jpg?pending=0
Success: https://a0.socialgirls.im/pinterest/image/721279696545559341/image.jpg
Success: https://a0.socialgirls.im/pinterest/image/721279696544058785/image.jpg
Success: https://a0.socialgirls.im/ins_image/BcYkrIMFOXM/1.jpg?pending=0
Success: https://a0.socialgirls.im/ins_image/BmEhsWcjIuF/1.jpg?pending=0
Success: https://a0.socialgirls.im/ins_image/BzVEc7Mn5Zq/1.jpg?pending=0
Success: https://a0.socialgirls.im/ins_image/B7uh_4vDz48/6.jpg?pending=0
Success: https://a0.socialgirls.im/ins_image/B7uh_4vDz48/3.jpg?pending=0
Success: https://a0.socialgirls.im/ins_image/B_Odr5rj5pF/2.jpg?pending=0
Success: https://a0.socialgirls.im/ins_image/CBkuu-pAkrm/1.jpg?pending=0
Success: https://a0.socialgirls.im/ins_image/CN2KO5ZnePu/1.jpg
Success: https://a0.socialgirls.im/pinterest/image/721279696542885768/image.jpg
Success: https://a0.socialgirls.im/ins_image/BWfMbDyjUZN/1.jpg?pending=0
Success: https://a0.socialgirls.im/ins_image/BWfMbDyjUZN/2.jpg?pending=0
Success: https://a0.socialgirls.im/ins_image/B5FMpiXlayQ/1.jpg
Success: https://a0.socialgirls.im/ins_image/B5TyoHHnc9J/1.jpg?pending=0
Success: https://a0.socialgirls.im/ins_image/B7ESMDxlqSR/1.jpg?pending=0
Success: https://a0.socialgirls.im/ins_image/B7Kl-BkJm32/1.jpg?pending=0
Success: https://a0.socialgirls.im/ins_image/B_HTwQsDTSp/7.jpg?pending=0
Success: https://a0.socialgirls.im/ins_image/CFV2ft9nU7d/1.jpg?pending=0
Success: https://a0.socialgirls.im/ins_image/CI18hzPniWH/1.jpg?pending=0
Success: https://a0.socialgirls.im/pinterest/image/721279696564545141/image.jpg
Success: https://a0.socialgirls.im/xhs_image/63399333000000001d00ecc5/1.jpg?pending=0
Success: https://a0.socialgirls.im/weibo_image/M11kn7nLY/3.jpg?pending=0
Success: https://a0.socialgirls.im/weibo_image/Kya2I2eBF/5.jpg?pending=0
Success: https://a0.socialgirls.im/weibo_image/Lpvd57K5m/6.jpg?pending=0
Success: https://a0.socialgirls.im/xhs_image/6488170b0000000027013423/2.jpg?pending=0
Success: https://a0.socialgirls.im/xhs_image/6488170b0000000027013423/4.jpg?pending=0
Success: https://a0.socialgirls.im/weibo_image/M0R7bvqyK/6.jpg?pending=0
Success: https://a0.socialgirls.im/weibo_image/MA8dBBEdE/2.jpg?pending=0
Success: https://a0.socialgirls.im/weibo_image/MiNak1itH/6.jpg?pending=0
Success: https://a0.socialgirls.im/weibo_image/MotXy9xZy/4.jpg?pending=0
Success: https://a0.socialgirls.im/weibo_image/N0JiqtZQW/6.jpg?pending=0
Success: https://a0.socialgirls.im/weibo_image/N6twtt7Ix/2.jpg?pending=0
Success: https://a0.socialgirls.im/ins_image/CuEZss3vU5n/5.jpg
Success: https://a0.socialgirls.im/ins_image/CuEZss3vU5n/6.jpg
Success: https://a0.socialgirls.im/ins_image/CuEZss3vU5n/7.jpg
Success: https://a0.socialgirls.im/ins_image/CuGBsImBHqY/1.jpg
Success: https://a0.socialgirls.im/ins_image/CuHthMFJVue/1.jpg
Success: https://a0.socialgirls.im/ins_image/CuKATaopQaJ/1.jpg
Success: https://a0.socialgirls.im/ins_image/BdIe9j8gx3_/1.jpg
Success: https://a0.socialgirls.im/ins_image/CuGJdc8Bchn/1.jpg
Success: https://a0.socialgirls.im/ins_image/CuOvIMsRqf6/3.jpg
Success: https://a0.socialgirls.im/ins_image/CuPWOfWhe-H/1.jpg
Success: https://a0.socialgirls.im/ins_image/CuKATaopQaJ/1.jpg
Success: https://a0.socialgirls.im/ins_image/CuJRG6MLtoM/10.jpg
Success: https://a0.socialgirls.im/ins_image/CuJ4Mv8LLMh/1.jpg
Success: https://a0.socialgirls.im/ins_image/CuOKuXMrIbB/3.jpg
Success: https://a0.socialgirls.im/ins_image/CuTwtUwxzJm/2.jpg
Success: https://a0.socialgirls.im/weibo_image/FvofeeXh9/1.jpg
Success: https://a0.socialgirls.im/weibo_image/FzDGIlQqi/1.jpg?pending=0
Success: https://a0.socialgirls.im/weibo_image/G7locnugO/1.jpg?pending=0
Success: https://a0.socialgirls.im/weibo_image/Ida98dVXa/7.jpg?pending=0
Success: https://a0.socialgirls.im/weibo_image/JeOzqAl1e/7.jpg
Success: https://a0.socialgirls.im/ins_image/BBNNQO7TK5a/1.jpg?pending=0
Success: https://a0.socialgirls.im/ins_image/ByhmQKMh6br/1.jpg?pending=0
Success: https://a0.socialgirls.im/ins_image/BywV1NZglI-/2.jpg?pending=0
Success: https://a0.socialgirls.im/pinterest/image/721279696546892328/image.jpg
Success: https://a0.socialgirls.im/ins_image/BUuYBPQFWwi/1.jpg?pending=0
Success: https://a0.socialgirls.im/ins_image/B6aXmijA32O/1.jpg?pending=0
Success: https://a0.socialgirls.im/ins_image/B7berqdpcgI/1.jpg?pending=0
Success: https://a0.socialgirls.im/ins_image/B8WEL5vHySC/1.jpg?pending=0
Success: https://a0.socialgirls.im/ins_image/B_TxC6OHtIC/1.jpg?pending=0
Success: https://a0.socialgirls.im/ins_image/CAUaxMWlfmE/1.jpg?pending=0
Success: https://a0.socialgirls.im/ins_image/CGUue3yH1XY/1.jpg?pending=0
Success: https://a0.socialgirls.im/ins_image/COqOo71AlNn/1.jpg
Success: https://a0.socialgirls.im/pinterest/image/721279696556096213/image.jpg
Success: https://a0.socialgirls.im/ins_image/B1ASuAvHl_C/1.jpg?pending=0
Success: https://a0.socialgirls.im/ins_image/B1NZ4_7nRmoHgC9umW_p1eyQQlxzm_JgApMaoE0/1.jpg?pending=0
Success: https://a0.socialgirls.im/ins_image/B3ZytieHOXu/1.jpg?pending=0
Success: https://a0.socialgirls.im/ins_image/B99XCvZDQkd/1.jpg?pending=0
Success: https://a0.socialgirls.im/ins_image/CBsuGAjABzA/3.jpg?pending=0
Success: https://a0.socialgirls.im/ins_image/CF_ihbSDwV4/1.jpg?pending=0
Success: https://a0.socialgirls.im/ins_image/CPX6gIMBsK0/2.jpg?pending=0
Success: https://a0.socialgirls.im/pinterest/image/721279696563693072/image.jpg
Success: https://a0.socialgirls.im/pinterest/image/721279696556870835/image.jpg
Success: https://a0.socialgirls.im/weibo_image/MFXedDDSj/3.jpg?pending=0
Success: https://a0.socialgirls.im/ins_image/CtNduAPxng0/1.jpg
Success: https://a0.socialgirls.im/ins_image/CtOd8PGA3K1/1.jpg
Success: https://a0.socialgirls.im/xhs_image/635237a3000000001402b241/7.jpg?pending=0
Success: https://a0.socialgirls.im/weibo_image/N3BE7ewIX/3.jpg?pending=0
Success: https://a0.socialgirls.im/xhs_image/6474a6a9000000001203170c/2.jpg?pending=0
Success: https://a0.socialgirls.im/weibo_image/M9f2djWBV/7.jpg?pending=0
Success: https://a0.socialgirls.im/ins_image/CtMkiBlMNVL/1.jpg
Success: https://a0.socialgirls.im/xhs_image/6481ac18000000001303eb41/7.jpg?pending=0
Success: https://a0.socialgirls.im/weibo_image/Mscg3q08u/6.jpg
Success: https://a0.socialgirls.im/weibo_image/MeOdbkU3u/3.jpg?pending=0
Success: https://a0.socialgirls.im/xhs_image/64675a0e000000002702a178/2.jpg?pending=0
Success: https://a0.socialgirls.im/ins_image/CuTgI7nuddc/1.jpg
Success: https://a0.socialgirls.im/weibo_image/D6hkKv0Tr/9.jpg?pending=0
Success: https://a0.socialgirls.im/xhs_image/643d04f7000000001203d951/6.jpg?pending=0
Success: https://a0.socialgirls.im/ins_image/CuUR5Ggr5zt/3.jpg
Success: https://a0.socialgirls.im/weibo_image/M2ImK2cJG/2.jpg?pending=0
Success: https://a0.socialgirls.im/xhs_image/64844ad200000000120327a7/4.jpg?pending=0
Success: https://a0.socialgirls.im/ins_image/CuTgI7nuddc/3.jpg
Success: https://a0.socialgirls.im/xhs_image/6426b90f000000001301016b/9.jpg?pending=0
Success: https://a0.socialgirls.im/ins_image/CuO-6Zuy2k6/1.jpg
Success: https://a0.socialgirls.im/ins_image/CuO-6Zuy2k6/3.jpg
Success: https://a0.socialgirls.im/weibo_image/L2epHeVhA/4.jpg?pending=0
